2025-12-11 22:55:43 - cybercafe - INFO - Created default admin user
2025-12-11 22:55:43 - cybercafe - INFO - Database initialized
2025-12-11 22:56:08 - cybercafe - INFO - Created user: test
2025-12-11 23:03:40 - cybercafe - INFO - Database initialized
2025-12-11 23:04:12 - cybercafe - INFO - Created user: vasileios
2025-12-11 23:05:07 - cybercafe - INFO - Database initialized
2025-12-11 23:13:05 - cybercafe - INFO - Migrated DB: Added unrewarded_seconds column
2025-12-11 23:13:05 - cybercafe - INFO - Database initialized
2025-12-11 23:14:50 - cybercafe - INFO - Database initialized
2025-12-11 23:23:16 - cybercafe - INFO - Migrated DB: Added total_bonus_received_seconds column
2025-12-11 23:23:16 - cybercafe - INFO - Database initialized
2025-12-11 23:40:38 - cybercafe - INFO - Migrated DB: Added session_paid_seconds column
2025-12-11 23:40:38 - cybercafe - INFO - Migrated DB: Added session_awarded_rules column
2025-12-11 23:40:38 - cybercafe - INFO - Database initialized
2025-12-11 23:48:35 - cybercafe - INFO - Database initialized
2025-12-11 23:58:28 - cybercafe - INFO - Database initialized
2025-12-12 00:14:01 - cybercafe - INFO - Database initialized
2025-12-12 00:18:02 - cybercafe - INFO - Database initialized
2025-12-14 18:55:31 - cybercafe - INFO - Database initialized
2025-12-14 19:00:24 - cybercafe - INFO - Database initialized
2025-12-14 19:14:17 - cybercafe - INFO - Database initialized
2025-12-14 20:29:46 - cybercafe - INFO - Database initialized
2025-12-14 20:31:13 - cybercafe - WARNING - Failed login attempt for kesidis from MSI
2025-12-14 20:31:24 - cybercafe - INFO - Login denied for kesidis: no time remaining
2025-12-14 20:31:38 - cybercafe - INFO - User kesidis logged in on MSI
2025-12-14 20:36:51 - cybercafe - INFO - Database initialized
2025-12-14 20:37:46 - cybercafe - WARNING - Failed login attempt for vasileios from MSI
2025-12-14 20:37:54 - cybercafe - INFO - User kesidis logged in on MSI
2025-12-14 20:46:13 - cybercafe - INFO - Database initialized
2025-12-14 21:01:57 - cybercafe - INFO - Database initialized
2025-12-29 13:20:36 - cybercafe - INFO - File sync source registered: 1.2.3.4:5001
2025-12-29 15:24:58 - cybercafe - INFO - Database initialized
2025-12-29 15:25:08 - cybercafe - INFO - Login denied for admin: no time remaining
2025-12-29 16:01:36 - cybercafe - INFO - Database initialized
2025-12-29 16:56:14 - cybercafe - INFO - Database initialized
2025-12-29 16:59:52 - cybercafe - INFO - Database initialized
2025-12-29 17:04:44 - cybercafe - INFO - Database initialized
2025-12-29 17:25:34 - cybercafe - INFO - Database initialized
2025-12-29 17:32:03 - cybercafe - INFO - File sync source registered: 192.168.1.10:5001
2026-01-02 14:12:18 - cybercafe - INFO - Database initialized
2026-01-02 16:39:37 - cybercafe - INFO - Database initialized
2026-01-02 16:42:07 - cybercafe - INFO - Database initialized
2026-01-02 16:45:21 - cybercafe - INFO - File sync source registered: 192.168.1.10:5001
2026-01-02 16:58:01 - cybercafe - INFO - Database initialized
2026-01-05 14:59:13 - cybercafe - INFO - Database initialized
2026-01-05 15:03:19 - cybercafe - WARNING - Failed login attempt for swtiria from Unknown
2026-01-05 15:57:26 - cybercafe - INFO - Database initialized
2026-01-05 15:59:48 - cybercafe - INFO - User kesidis logged in on Unknown
2026-01-07 15:15:58 - cybercafe - INFO - Database initialized
2026-01-07 15:17:45 - cybercafe - INFO - Database initialized
2026-01-07 15:18:19 - cybercafe - INFO - User test1 logged in on Unknown
2026-01-07 15:39:53 - cybercafe - INFO - Database initialized
